<?xml version="1.0" encoding="UTF-8"?>
<testsuite name="com.spark.wallet.protocol.CanonicalSerializerTest" tests="2" skipped="0" failures="0" errors="0" timestamp="2026-08-11T17:07:58" hostname="AKSHAYAS-BOOK" time="0.027">
  <properties/>
  <testcase name="testNestedCanonicalSerialization" classname="com.spark.wallet.protocol.CanonicalSerializerTest" time="0.026"/>
  <testcase name="testCanonicalSerializationMatchesDocVector" classname="com.spark.wallet.protocol.CanonicalSerializerTest" time="0.0"/>
  <system-out><![CDATA[]]></system-out>
  <system-err><![CDATA[]]></system-err>
</testsuite>
