<?xml version="1.0" encoding="UTF-8"?>
<testsuite name="com.spark.wallet.data.DatabaseDaoTest" tests="8" skipped="0" failures="0" errors="0" timestamp="2026-08-11T18:20:38" hostname="AKSHAYAS-BOOK" time="0.119">
  <properties/>
  <testcase name="testDatabaseKeyManagerInvalidBlobThrows" classname="com.spark.wallet.data.DatabaseDaoTest" time="0.015"/>
  <testcase name="testCachedCertEntityRoundTrip" classname="com.spark.wallet.data.DatabaseDaoTest" time="0.003"/>
  <testcase name="testAppDatabaseMigrationStub" classname="com.spark.wallet.data.DatabaseDaoTest" time="0.005"/>
  <testcase name="testCachedTrustEntityRoundTrip" classname="com.spark.wallet.data.DatabaseDaoTest" time="0.002"/>
  <testcase name="testLocalPurseEntityRoundTrip" classname="com.spark.wallet.data.DatabaseDaoTest" time="0.02"/>
  <testcase name="testLocalLedgerEntryEntityRoundTrip" classname="com.spark.wallet.data.DatabaseDaoTest" time="0.002"/>
  <testcase name="testPendingRelayEntityRoundTrip" classname="com.spark.wallet.data.DatabaseDaoTest" time="0.023"/>
  <testcase name="testDatabaseKeyManagerKeystorePassphraseSealingAndUnsealing" classname="com.spark.wallet.data.DatabaseDaoTest" time="0.047"/>
  <system-out><![CDATA[]]></system-out>
  <system-err><![CDATA[]]></system-err>
</testsuite>
