<?xml version="1.0" encoding="UTF-8"?>
<testsuite name="com.spark.wallet.protocol.TapTransportTest" tests="3" skipped="0" failures="0" errors="0" timestamp="2026-08-12T00:12:25" hostname="AKSHAYAS-BOOK" time="0.194">
  <properties/>
  <testcase name="testFullFourStepApduHandshakeAndPaymentTransfer" classname="com.spark.wallet.protocol.TapTransportTest" time="0.151"/>
  <testcase name="testQrFallbackInvoiceAndPaymentRoundtrip" classname="com.spark.wallet.protocol.TapTransportTest" time="0.031"/>
  <testcase name="testX25519EcdhAndAesGcmSessionAgreement" classname="com.spark.wallet.protocol.TapTransportTest" time="0.012"/>
  <system-out><![CDATA[TAP TEST RESULT: Success(transaction=SparkTransaction(txId=ea9db40b-cc56-4782-8806-c36eb981801a, tokenId=4a598beb-3b98-4bf6-b67c-d7088156816c, amount=25000, payer=Party(deviceId=3931430a-ec57-451e-afd0-59edbf906b2d, accountId=00000000-0000-4000-8000-000000000001, cert=-----BEGIN SPARK DEVICE CERTIFICATE-----
eyJhY2NvdW50X2lkIjoiMDAwMDAwMDAtMDAwMC00MDAwLTgwMDAtMDAwMDAwMDAw
MDAxIiwiZGV2aWNlX2lkIjoiMzkzMTQzMGEtZWM1Ny00NTFlLWFmZDAtNTllZGJm
OTA2YjJkIiwiZGV2aWNlX3B1YmxpY19rZXkiOiJCQlJhQmo2Q2RSLUhGNUxuRU82
UTVqRmtJYUtaYldYdWZmVVpmWGtyU0NzIiwibm90X2FmdGVyIjoiMjAyNy0wOC0w
MVQwMDowMDowMFoiLCJub3RfYmVmb3JlIjoiMjAyNi0wOC0wMVQwMDowMDowMFoi
LCJzZXJpYWxfbnVtYmVyIjoiU1BBUkstQ0VSVC04N2FiMjgxMS05MjhkLTQyODEt
YTlhMi0xZmI4N2QzOTg3MjciLCJzaWduYXR1cmUiOiJONlFubGZONFp2UjdKRmN3
NGF1WlAySlg2QmpPRHN3YXVzWTlrSkdxa0tTYS1IZmV1ZEEwcUZpYW52UFdFX2w2
UUJXN0tsczdwMzZZSXIzR3ZoRDlCdyJ9
-----END SPARK DEVICE CERTIFICATE-----), payee=Party(deviceId=86d8b09a-aadb-47be-8b05-7414cbfacc54, accountId=00000000-0000-4000-8000-000000000002, cert=-----BEGIN SPARK DEVICE CERTIFICATE-----
eyJhY2NvdW50X2lkIjoiMDAwMDAwMDAtMDAwMC00MDAwLTgwMDAtMDAwMDAwMDAw
MDAyIiwiZGV2aWNlX2lkIjoiODZkOGIwOWEtYWFkYi00N2JlLThiMDUtNzQxNGNi
ZmFjYzU0IiwiZGV2aWNlX3B1YmxpY19rZXkiOiJYZnNONVZJal85aXZrdk54bUtl
SkV6eHJ1MWdNOUFjNVN3aHV5R0s5enVrIiwibm90X2FmdGVyIjoiMjAyNy0wOC0w
MVQwMDowMDowMFoiLCJub3RfYmVmb3JlIjoiMjAyNi0wOC0wMVQwMDowMDowMFoi
LCJzZXJpYWxfbnVtYmVyIjoiU1BBUkstQ0VSVC01YmJiOWQ0Yy1iOTNmLTRjZWMt
YjAwOS05MDRlYTk5Zjk1NjYiLCJzaWduYXR1cmUiOiJNWFpxdVBUaWkyWlU4U2dr
cm9Ua3hpbDJtcXVsSFNmWVF4U2R2YXJhbWQ4UDdjdkNsTG1aZkFhSTZFVEp3eE5E
bDZTcnBjYzI5MkVrUzIxNU5KTExBQSJ9
-----END SPARK DEVICE CERTIFICATE-----), deviceCounter=1, prevTxHash=null, timestamp=1786493545, signature=PWZuhw5g7xBbH66g_SUJdLzqzg8wncVAkKKSHIpxtFbv1Rp6xKcwp3CCurHEve6ubiB7Omy2j_fRwA-X9V5-CQ), transactionHash=k5RuovmrbiTWJcpSQrCpAfhKZQK2qDabLKAItSyhc5c)
]]></system-out>
  <system-err><![CDATA[]]></system-err>
</testsuite>
