<?xml version="1.0" encoding="UTF-8"?>
<testsuite name="com.spark.wallet.protocol.CanonicalSerializerTest" tests="4" skipped="0" failures="0" errors="0" timestamp="2026-08-11T17:50:57" hostname="AKSHAYAS-BOOK" time="0.045">
  <properties/>
  <testcase name="testNestedCanonicalSerializationWithMultiLinePemCert" classname="com.spark.wallet.protocol.CanonicalSerializerTest" time="0.001"/>
  <testcase name="testTransactionBuilderBuildSigned" classname="com.spark.wallet.protocol.CanonicalSerializerTest" time="0.012"/>
  <testcase name="testDocVectorKnownAnswerSignatureMatch" classname="com.spark.wallet.protocol.CanonicalSerializerTest" time="0.031"/>
  <testcase name="testCanonicalSerializationSignatureExclusion" classname="com.spark.wallet.protocol.CanonicalSerializerTest" time="0.0"/>
  <system-out><![CDATA[]]></system-out>
  <system-err><![CDATA[]]></system-err>
</testsuite>
