<?xml version="1.0" encoding="UTF-8"?>
<testsuite name="com.spark.wallet.engine.LocalTransactionEngineTest" tests="4" skipped="0" failures="0" errors="0" timestamp="2026-08-11T18:20:39" hostname="AKSHAYAS-BOOK" time="0.124">
  <properties/>
  <testcase name="testReplayProtectionOnReceiveTimestampOutsideWindow" classname="com.spark.wallet.engine.LocalTransactionEngineTest" time="0.018"/>
  <testcase name="testReplayProtectionOnReceiveStaleCounter" classname="com.spark.wallet.engine.LocalTransactionEngineTest" time="0.012"/>
  <testcase name="testThreeChainedTransactionsPrevTxHashIncludesSignature" classname="com.spark.wallet.engine.LocalTransactionEngineTest" time="0.076"/>
  <testcase name="testAtomicPurseDecrementAndInsufficientBalance" classname="com.spark.wallet.engine.LocalTransactionEngineTest" time="0.015"/>
  <system-out><![CDATA[]]></system-out>
  <system-err><![CDATA[]]></system-err>
</testsuite>
