<?xml version="1.0" encoding="UTF-8"?>
<testsuite name="com.spark.wallet.data.PurseRepositoryTest" tests="5" skipped="0" failures="0" errors="0" timestamp="2026-08-11T18:20:39" hostname="AKSHAYAS-BOOK" time="0.054">
  <properties/>
  <testcase name="testGetRecommendedLimit" classname="com.spark.wallet.data.PurseRepositoryTest" time="0.012"/>
  <testcase name="testLoadPurseFlowSuccess" classname="com.spark.wallet.data.PurseRepositoryTest" time="0.01"/>
  <testcase name="testTopUpPurseFlowSuccess" classname="com.spark.wallet.data.PurseRepositoryTest" time="0.021"/>
  <testcase name="testPurseTokenFormatParsingAndPemWrapping" classname="com.spark.wallet.data.PurseRepositoryTest" time="0.002"/>
  <testcase name="testHomeUiStateLowBalanceAndNearExpiry" classname="com.spark.wallet.data.PurseRepositoryTest" time="0.005"/>
  <system-out><![CDATA[]]></system-out>
  <system-err><![CDATA[]]></system-err>
</testsuite>
