<?xml version="1.0" encoding="UTF-8"?>
<testsuite name="com.spark.wallet.data.sync.SyncRepositoryTest" tests="3" skipped="0" failures="0" errors="0" timestamp="2026-08-12T00:12:25" hostname="AKSHAYAS-BOOK" time="0.057">
  <properties/>
  <testcase name="testSmsSyncEncodingAndDecodingRoundtrip" classname="com.spark.wallet.data.sync.SyncRepositoryTest" time="0.04"/>
  <testcase name="testSyncUpdatesAppliesCrlRevocationsAndDisasterFlags" classname="com.spark.wallet.data.sync.SyncRepositoryTest" time="0.007"/>
  <testcase name="testBatchSyncTransactionsSuccess" classname="com.spark.wallet.data.sync.SyncRepositoryTest" time="0.009"/>
  <system-out><![CDATA[]]></system-out>
  <system-err><![CDATA[]]></system-err>
</testsuite>
