<?xml version="1.0" encoding="UTF-8"?>
<testsuite name="com.spark.wallet.data.PurseRepositoryTest" tests="5" skipped="0" failures="0" errors="0" timestamp="2026-08-12T00:12:25" hostname="AKSHAYAS-BOOK" time="0.023">
  <properties/>
  <testcase name="testGetRecommendedLimit" classname="com.spark.wallet.data.PurseRepositoryTest" time="0.01"/>
  <testcase name="testLoadPurseFlowSuccess" classname="com.spark.wallet.data.PurseRepositoryTest" time="0.006"/>
  <testcase name="testTopUpPurseFlowSuccess" classname="com.spark.wallet.data.PurseRepositoryTest" time="0.004"/>
  <testcase name="testPurseTokenFormatParsingAndPemWrapping" classname="com.spark.wallet.data.PurseRepositoryTest" time="0.0"/>
  <testcase name="testHomeUiStateLowBalanceAndNearExpiry" classname="com.spark.wallet.data.PurseRepositoryTest" time="0.001"/>
  <system-out><![CDATA[]]></system-out>
  <system-err><![CDATA[]]></system-err>
</testsuite>
