<?xml version="1.0" encoding="UTF-8"?>
<testsuite name="com.spark.wallet.data.sync.SyncRepositoryTest" tests="3" skipped="0" failures="0" errors="0" timestamp="2026-08-11T18:20:39" hostname="AKSHAYAS-BOOK" time="0.122">
  <properties/>
  <testcase name="testSmsSyncEncodingAndDecodingRoundtrip" classname="com.spark.wallet.data.sync.SyncRepositoryTest" time="0.099"/>
  <testcase name="testSyncUpdatesAppliesCrlRevocationsAndDisasterFlags" classname="com.spark.wallet.data.sync.SyncRepositoryTest" time="0.011"/>
  <testcase name="testBatchSyncTransactionsSuccess" classname="com.spark.wallet.data.sync.SyncRepositoryTest" time="0.012"/>
  <system-out><![CDATA[]]></system-out>
  <system-err><![CDATA[]]></system-err>
</testsuite>
